<?xml version="1.0" encoding="UTF-8"?>
<testsuite name="Scenario: Verify zero tax for only SFO order in the checkout" time="0.399" tests="200" errors="1" skipped="17" failures="6">
  <properties>
    <property name="java.runtime.name" value="Java(TM) SE Runtime Environment"/>
    <property name="sun.boot.library.path" value="/Library/Java/JavaVirtualMachines/jdk1.8.0_181.jdk/Contents/Home/jre/lib"/>
    <property name="java.vm.version" value="25.181-b13"/>
    <property name="gopherProxySet" value="false"/>
    <property name="java.vm.vendor" value="Oracle Corporation"/>
    <property name="maven.multiModuleProjectDirectory" value="/Users/chefcurry/Documents/git/Selenium_CucumberProject"/>
    <property name="java.vendor.url" value="http://java.oracle.com/"/>
    <property name="path.separator" value=":"/>
    <property name="guice.disable.misplaced.annotation.check" value="true"/>
    <property name="java.vm.name" value="Java HotSpot(TM) 64-Bit Server VM"/>
    <property name="file.encoding.pkg" value="sun.io"/>
    <property name="user.country" value="US"/>
    <property name="sun.java.launcher" value="SUN_STANDARD"/>
    <property name="sun.os.patch.level" value="unknown"/>
    <property name="java.vm.specification.name" value="Java Virtual Machine Specification"/>
    <property name="user.dir" value="/Users/chefcurry/Documents/git/Selenium_CucumberProject"/>
    <property name="java.runtime.version" value="1.8.0_181-b13"/>
    <property name="java.awt.graphicsenv" value="sun.awt.CGraphicsEnvironment"/>
    <property name="java.endorsed.dirs" value="/Library/Java/JavaVirtualMachines/jdk1.8.0_181.jdk/Contents/Home/jre/lib/endorsed"/>
    <property name="os.arch" value="x86_64"/>
    <property name="java.io.tmpdir" value="/var/folders/0x/m7q9c0sx5vg1rhs72bj50m2m0000gp/T/"/>
    <property name="line.separator" value="&#10;"/>
    <property name="java.vm.specification.vendor" value="Oracle Corporation"/>
    <property name="os.name" value="Mac OS X"/>
    <property name="classworlds.conf" value="/usr/local/Cellar/maven/3.5.4/libexec/bin/m2.conf"/>
    <property name="sun.jnu.encoding" value="UTF-8"/>
    <property name="java.library.path" value="/Users/chefcurry/Library/Java/Extensions:/Library/Java/Extensions:/Network/Library/Java/Extensions:/System/Library/Java/Extensions:/usr/lib/java:."/>
    <property name="maven.conf" value="/usr/local/Cellar/maven/3.5.4/libexec/conf"/>
    <property name="java.specification.name" value="Java Platform API Specification"/>
    <property name="java.class.version" value="52.0"/>
    <property name="sun.management.compiler" value="HotSpot 64-Bit Tiered Compilers"/>
    <property name="os.version" value="10.13.6"/>
    <property name="library.jansi.path" value="/usr/local/Cellar/maven/3.5.4/libexec/lib/jansi-native"/>
    <property name="http.nonProxyHosts" value="local|*.local|169.254/16|*.169.254/16"/>
    <property name="user.home" value="/Users/chefcurry"/>
    <property name="user.timezone" value="America/New_York"/>
    <property name="java.awt.printerjob" value="sun.lwawt.macosx.CPrinterJob"/>
    <property name="java.specification.version" value="1.8"/>
    <property name="file.encoding" value="UTF-8"/>
    <property name="user.name" value="chefcurry"/>
    <property name="java.class.path" value="/usr/local/Cellar/maven/3.5.4/libexec/boot/plexus-classworlds-2.5.2.jar"/>
    <property name="java.vm.specification.version" value="1.8"/>
    <property name="sun.arch.data.model" value="64"/>
    <property name="java.home" value="/Library/Java/JavaVirtualMachines/jdk1.8.0_181.jdk/Contents/Home/jre"/>
    <property name="sun.java.command" value="org.codehaus.plexus.classworlds.launcher.Launcher clean test"/>
    <property name="java.specification.vendor" value="Oracle Corporation"/>
    <property name="user.language" value="en"/>
    <property name="awt.toolkit" value="sun.lwawt.macosx.LWCToolkit"/>
    <property name="java.vm.info" value="mixed mode"/>
    <property name="java.version" value="1.8.0_181"/>
    <property name="java.ext.dirs" value="/Users/chefcurry/Library/Java/Extensions:/Library/Java/JavaVirtualMachines/jdk1.8.0_181.jdk/Contents/Home/jre/lib/ext:/Library/Java/Extensions:/Network/Library/Java/Extensions:/System/Library/Java/Extensions:/usr/lib/java"/>
    <property name="sun.boot.class.path" value="/Library/Java/JavaVirtualMachines/jdk1.8.0_181.jdk/Contents/Home/jre/lib/resources.jar:/Library/Java/JavaVirtualMachines/jdk1.8.0_181.jdk/Contents/Home/jre/lib/rt.jar:/Library/Java/JavaVirtualMachines/jdk1.8.0_181.jdk/Contents/Home/jre/lib/sunrsasign.jar:/Library/Java/JavaVirtualMachines/jdk1.8.0_181.jdk/Contents/Home/jre/lib/jsse.jar:/Library/Java/JavaVirtualMachines/jdk1.8.0_181.jdk/Contents/Home/jre/lib/jce.jar:/Library/Java/JavaVirtualMachines/jdk1.8.0_181.jdk/Contents/Home/jre/lib/charsets.jar:/Library/Java/JavaVirtualMachines/jdk1.8.0_181.jdk/Contents/Home/jre/lib/jfr.jar:/Library/Java/JavaVirtualMachines/jdk1.8.0_181.jdk/Contents/Home/jre/classes"/>
    <property name="java.vendor" value="Oracle Corporation"/>
    <property name="maven.home" value="/usr/local/Cellar/maven/3.5.4/libexec"/>
    <property name="file.separator" value="/"/>
    <property name="java.vendor.url.bug" value="http://bugreport.sun.com/bugreport/"/>
    <property name="sun.cpu.endian" value="little"/>
    <property name="sun.io.unicode.encoding" value="UnicodeBig"/>
    <property name="socksNonProxyHosts" value="local|*.local|169.254/16|*.169.254/16"/>
    <property name="ftp.nonProxyHosts" value="local|*.local|169.254/16|*.169.254/16"/>
    <property name="sun.cpu.isalist" value=""/>
  </properties>
  <testcase name="Scenario: Verify user can place an order by adding a new credit card" classname="Scenario: Verify user can place an order by adding a new credit card" time="0.003">
    <error message="Expected condition failed: Element is not found after 30 seconds of wait (tried for 30 second(s) with 1000 milliseconds interval)" type="org.openqa.selenium.TimeoutException">org.openqa.selenium.TimeoutException: Expected condition failed: Element is not found after 30 seconds of wait (tried for 30 second(s) with 1000 milliseconds interval)
	at org.openqa.selenium.support.ui.FluentWait.timeoutException(FluentWait.java:315)
	at org.openqa.selenium.support.ui.FluentWait.until(FluentWait.java:283)
	at Pages.BasePage.findElementUsingFluentWait(BasePage.java:30)
	at Pages.BasePage.clickThis(BasePage.java:61)
	at Pages.Scholastic.ShippingAndPaymentPage.selectCard(ShippingAndPaymentPage.java:65)
	at StepDefinition.Scholastic.YtoSfoNonZeroTaxSD.selectANewCard(YtoSfoNonZeroTaxSD.java:64)
	at ✽.And I select add a new card(Scholastic/AddANewCreditCard.feature:34)
Caused by: org.openqa.selenium.NoSuchElementException: no such element: Unable to locate element: {"method":"xpath","selector":"//div[contains(text(),'Select a Card')]"}
  (Session info: chrome=87.0.4280.88)
For documentation on this error, please visit: http://seleniumhq.org/exceptions/no_such_element.html
Build info: version: '3.14.0', revision: 'aacccce0', time: '2018-08-02T20:19:58.91Z'
System info: host: 'MacBook-Pro-5.home', ip: 'fd4b:8d38:69ba:1:9cf2:3754:4f09:392a%en0', os.name: 'Mac OS X', os.arch: 'x86_64', os.version: '10.13.6', java.version: '1.8.0_181'
Driver info: org.openqa.selenium.chrome.ChromeDriver
Capabilities {acceptInsecureCerts: false, browserName: chrome, browserVersion: 87.0.4280.88, chrome: {chromedriverVersion: 86.0.4240.22 (398b0743353ff..., userDataDir: /var/folders/0x/m7q9c0sx5vg...}, goog:chromeOptions: {debuggerAddress: localhost:52473}, javascriptEnabled: true, networkConnectionEnabled: false, pageLoadStrategy: normal, platform: MAC, platformName: MAC, proxy: Proxy(), setWindowRect: true, strictFileInteractability: false, timeouts: {implicit: 0, pageLoad: 300000, script: 30000}, unhandledPromptBehavior: dismiss and notify, webauthn:virtualAuthenticators: true}
Session ID: bd64ad066ac1d21b153ac15745002329
*** Element info: {Using=xpath, value=//div[contains(text(),'Select a Card')]}
	at sun.reflect.NativeConstructorAccessorImpl.newInstance0(Native Method)
	at sun.reflect.NativeConstructorAccessorImpl.newInstance(NativeConstructorAccessorImpl.java:62)
	at sun.reflect.DelegatingConstructorAccessorImpl.newInstance(DelegatingConstructorAccessorImpl.java:45)
	at java.lang.reflect.Constructor.newInstance(Constructor.java:423)
	at org.openqa.selenium.remote.http.W3CHttpResponseCodec.createException(W3CHttpResponseCodec.java:187)
	at org.openqa.selenium.remote.http.W3CHttpResponseCodec.decode(W3CHttpResponseCodec.java:122)
	at org.openqa.selenium.remote.http.W3CHttpResponseCodec.decode(W3CHttpResponseCodec.java:49)
	at org.openqa.selenium.remote.HttpCommandExecutor.execute(HttpCommandExecutor.java:158)
	at org.openqa.selenium.remote.service.DriverCommandExecutor.execute(DriverCommandExecutor.java:83)
	at org.openqa.selenium.remote.RemoteWebDriver.execute(RemoteWebDriver.java:548)
	at org.openqa.selenium.remote.RemoteWebDriver.findElement(RemoteWebDriver.java:322)
	at org.openqa.selenium.remote.RemoteWebDriver.findElementByXPath(RemoteWebDriver.java:424)
	at org.openqa.selenium.By$ByXPath.findElement(By.java:353)
	at org.openqa.selenium.remote.RemoteWebDriver.findElement(RemoteWebDriver.java:314)
	at Pages.BasePage$1.apply(BasePage.java:32)
	at Pages.BasePage$1.apply(BasePage.java:30)
	at org.openqa.selenium.support.ui.FluentWait.until(FluentWait.java:260)
	at Pages.BasePage.findElementUsingFluentWait(BasePage.java:30)
	at Pages.BasePage.clickThis(BasePage.java:61)
	at Pages.Scholastic.ShippingAndPaymentPage.selectCard(ShippingAndPaymentPage.java:65)
	at StepDefinition.Scholastic.YtoSfoNonZeroTaxSD.selectANewCard(YtoSfoNonZeroTaxSD.java:64)
	at sun.reflect.NativeMethodAccessorImpl.invoke0(Native Method)
	at sun.reflect.NativeMethodAccessorImpl.invoke(NativeMethodAccessorImpl.java:62)
	at sun.reflect.DelegatingMethodAccessorImpl.invoke(DelegatingMethodAccessorImpl.java:43)
	at java.lang.reflect.Method.invoke(Method.java:498)
	at cucumber.runtime.Utils$1.call(Utils.java:37)
	at cucumber.runtime.Timeout.timeout(Timeout.java:13)
	at cucumber.runtime.Utils.invoke(Utils.java:31)
	at cucumber.runtime.java.JavaStepDefinition.execute(JavaStepDefinition.java:38)
	at cucumber.runtime.StepDefinitionMatch.runStep(StepDefinitionMatch.java:37)
	at cucumber.runtime.Runtime.runStep(Runtime.java:299)
	at cucumber.runtime.model.StepContainer.runStep(StepContainer.java:44)
	at cucumber.runtime.model.StepContainer.runSteps(StepContainer.java:39)
	at cucumber.runtime.model.CucumberScenario.run(CucumberScenario.java:44)
	at cucumber.runtime.junit.ExecutionUnitRunner.run(ExecutionUnitRunner.java:91)
	at cucumber.runtime.junit.FeatureRunner.runChild(FeatureRunner.java:63)
	at cucumber.runtime.junit.FeatureRunner.runChild(FeatureRunner.java:18)
	at org.junit.runners.ParentRunner$3.run(ParentRunner.java:238)
	at org.junit.runners.ParentRunner$1.schedule(ParentRunner.java:63)
	at org.junit.runners.ParentRunner.runChildren(ParentRunner.java:236)
	at org.junit.runners.ParentRunner.access$000(ParentRunner.java:53)
	at org.junit.runners.ParentRunner$2.evaluate(ParentRunner.java:229)
	at org.junit.runners.ParentRunner.run(ParentRunner.java:309)
	at cucumber.runtime.junit.FeatureRunner.run(FeatureRunner.java:70)
	at cucumber.api.junit.Cucumber.runChild(Cucumber.java:93)
	at cucumber.api.junit.Cucumber.runChild(Cucumber.java:37)
	at org.junit.runners.ParentRunner$3.run(ParentRunner.java:238)
	at org.junit.runners.ParentRunner$1.schedule(ParentRunner.java:63)
	at org.junit.runners.ParentRunner.runChildren(ParentRunner.java:236)
	at org.junit.runners.ParentRunner.access$000(ParentRunner.java:53)
	at org.junit.runners.ParentRunner$2.evaluate(ParentRunner.java:229)
	at org.junit.runners.ParentRunner.run(ParentRunner.java:309)
	at cucumber.api.junit.Cucumber.run(Cucumber.java:98)
	at org.junit.runners.Suite.runChild(Suite.java:127)
	at org.junit.runners.Suite.runChild(Suite.java:26)
	at org.junit.runners.ParentRunner$3.run(ParentRunner.java:238)
	at org.junit.runners.ParentRunner$1.schedule(ParentRunner.java:63)
	at org.junit.runners.ParentRunner.runChildren(ParentRunner.java:236)
	at org.junit.runners.ParentRunner.access$000(ParentRunner.java:53)
	at org.junit.runners.ParentRunner$2.evaluate(ParentRunner.java:229)
	at org.junit.runners.ParentRunner.run(ParentRunner.java:309)
	at org.junit.runner.JUnitCore.run(JUnitCore.java:160)
	at org.junit.runner.JUnitCore.run(JUnitCore.java:138)
	at org.apache.maven.surefire.junitcore.JUnitCoreWrapper.createRequestAndRun(JUnitCoreWrapper.java:108)
	at org.apache.maven.surefire.junitcore.JUnitCoreWrapper.executeEager(JUnitCoreWrapper.java:78)
	at org.apache.maven.surefire.junitcore.JUnitCoreWrapper.execute(JUnitCoreWrapper.java:54)
	at org.apache.maven.surefire.junitcore.JUnitCoreProvider.invoke(JUnitCoreProvider.java:144)
	at org.apache.maven.surefire.booter.ForkedBooter.invokeProviderInSameClassLoader(ForkedBooter.java:203)
	at org.apache.maven.surefire.booter.ForkedBooter.runSuitesInProcess(ForkedBooter.java:155)
	at org.apache.maven.surefire.booter.ForkedBooter.main(ForkedBooter.java:103)
</error>
  </testcase>
  <testcase name="And I enter &apos;4111111111111111&apos; as credit card number" classname="Scenario: Verify user can place an order by adding a new credit card" time="0">
    <skipped/>
  </testcase>
  <testcase name="And I select &apos;03&apos; as month" classname="Scenario: Verify user can place an order by adding a new credit card" time="0">
    <skipped/>
  </testcase>
  <testcase name="And I select year &apos;2023&apos; as year" classname="Scenario: Verify user can place an order by adding a new credit card" time="0">
    <skipped/>
  </testcase>
  <testcase name="And I enter &apos;111&apos; as security code" classname="Scenario: Verify user can place an order by adding a new credit card" time="0">
    <skipped/>
  </testcase>
  <testcase name="And I enter &apos;mmm&apos; as first name" classname="Scenario: Verify user can place an order by adding a new credit card" time="0">
    <skipped/>
  </testcase>
  <testcase name="And I enter &apos;www&apos; as ;ast name" classname="Scenario: Verify user can place an order by adding a new credit card" time="0">
    <skipped/>
  </testcase>
  <testcase name="And I enter &apos;2278 Holland Ave&apos; as address1" classname="Scenario: Verify user can place an order by adding a new credit card" time="0">
    <skipped/>
  </testcase>
  <testcase name="And I enter &apos;Apt#179&apos; as address2" classname="Scenario: Verify user can place an order by adding a new credit card" time="0">
    <skipped/>
  </testcase>
  <testcase name="And I enter &apos;10467&apos; as zip code" classname="Scenario: Verify user can place an order by adding a new credit card" time="0">
    <skipped/>
  </testcase>
  <testcase name="And I enter &apos;3333333333&apos; as cell no" classname="Scenario: Verify user can place an order by adding a new credit card" time="0">
    <skipped/>
  </testcase>
  <testcase name="And I click continue checkout button" classname="Scenario: Verify user can place an order by adding a new credit card" time="0">
    <skipped/>
  </testcase>
  <testcase name="And I click submit" classname="Scenario: Verify user can place an order by adding a new credit card" time="0">
    <skipped/>
  </testcase>
  <testcase name="Then I verify a thank you text displayed for the order" classname="Scenario: Verify user can place an order by adding a new credit card" time="0">
    <skipped/>
  </testcase>
  <testcase name="When I click on sign in button" classname="Scenario: Verify user can delete item on Cart page" time="0.002"/>
  <testcase name="And I enter &apos;Mitu@gmail.com&apos; as my email" classname="Scenario: Verify user can delete item on Cart page" time="0"/>
  <testcase name="And I enter &apos;12345ff&apos; as my password" classname="Scenario: Verify user can delete item on Cart page" time="0.001"/>
  <testcase name="And I click on sighin in button" classname="Scenario: Verify user can delete item on Cart page" time="0"/>
  <testcase name="And I minimize bar" classname="Scenario: Verify user can delete item on Cart page" time="0.007"/>
  <testcase name="And I move to enter order button" classname="Scenario: Verify user can delete item on Cart page" time="0"/>
  <testcase name="And I select student flyer order" classname="Scenario: Verify user can delete item on Cart page" time="0"/>
  <testcase name="And I enter &apos;Harry&apos; as student name" classname="Scenario: Verify user can delete item on Cart page" time="0"/>
  <testcase name="And I enter &apos;1V2&apos; as item name" classname="Scenario: Verify user can delete item on Cart page" time="0"/>
  <testcase name="And I click add button" classname="Scenario: Verify user can delete item on Cart page" time="0"/>
  <testcase name="And I click add button" classname="Scenario: Verify user can delete item on Cart page" time="0"/>
  <testcase name="And I click add button" classname="Scenario: Verify user can delete item on Cart page" time="0.001"/>
  <testcase name="And I click add button" classname="Scenario: Verify user can delete item on Cart page" time="0"/>
  <testcase name="And I click add button" classname="Scenario: Verify user can delete item on Cart page" time="0"/>
  <testcase name="And I click add button" classname="Scenario: Verify user can delete item on Cart page" time="0"/>
  <testcase name="And I enter &apos;4&apos; as item quantity" classname="Scenario: Verify user can delete item on Cart page" time="0"/>
  <testcase name="And I enter &apos;5V2&apos; as item name" classname="Scenario: Verify user can delete item on Cart page" time="0"/>
  <testcase name="And I enter &apos;5&apos; as item quantity" classname="Scenario: Verify user can delete item on Cart page" time="0"/>
  <testcase name="And I enter &apos;John&apos; as student name" classname="Scenario: Verify user can delete item on Cart page" time="0"/>
  <testcase name="And I enter &apos;2V2&apos; as item name" classname="Scenario: Verify user can delete item on Cart page" time="0"/>
  <testcase name="And I enter &apos;6&apos; as item quantity" classname="Scenario: Verify user can delete item on Cart page" time="0.001"/>
  <testcase name="And I enter &apos;6&apos; as item quantity" classname="Scenario: Verify user can delete item on Cart page" time="0"/>
  <testcase name="And I enter &apos;7V2&apos; as item name" classname="Scenario: Verify user can delete item on Cart page" time="0"/>
  <testcase name="And I enter &apos;Michael&apos; as student name" classname="Scenario: Verify user can delete item on Cart page" time="0"/>
  <testcase name="And I enter &apos;3V2&apos; as item name" classname="Scenario: Verify user can delete item on Cart page" time="0"/>
  <testcase name="And I enter &apos;10&apos; as item quantity" classname="Scenario: Verify user can delete item on Cart page" time="0"/>
  <testcase name="And I enter &apos;8V2&apos; as item name" classname="Scenario: Verify user can delete item on Cart page" time="0"/>
  <testcase name="And I enter &apos;9&apos; as item quantity" classname="Scenario: Verify user can delete item on Cart page" time="0"/>
  <testcase name="And I click review button" classname="Scenario: Verify user can delete item on Cart page" time="0.001"/>
  <testcase name="And I get john subtotal" classname="Scenario: Verify user can delete item on Cart page" time="0.001"/>
  <testcase name="And John Subquantity" classname="Scenario: Verify user can delete item on Cart page" time="0"/>
  <testcase name="And Total price" classname="Scenario: Verify user can delete item on Cart page" time="0"/>
  <testcase name="And Total Qty" classname="Scenario: Verify user can delete item on Cart page" time="0"/>
  <testcase name="And I click remove button" classname="Scenario: Verify user can delete item on Cart page" time="0"/>
  <testcase name="And I click yes button to delete" classname="Scenario: Verify user can delete item on Cart page" time="0"/>
  <testcase name="Then I verify item is deleted and quantities and items are updated" classname="Scenario: Verify user can delete item on Cart page" time="0.002">
    <failure message="Not updated" type="java.lang.AssertionError">java.lang.AssertionError: Not updated
	at org.testng.Assert.fail(Assert.java:93)
	at org.testng.Assert.assertNotEquals(Assert.java:897)
	at StepDefinition.Scholastic.SfoMultipleOrderSD.verifyUpdateAfterRemoval(SfoMultipleOrderSD.java:204)
	at ✽.Then I verify item is deleted and quantities and items are updated(Scholastic/SfoItemDeletion.feature:49)
</failure>
  </testcase>
  <testcase name="Scenario: Verify user can delete item on Cart page" classname="Scenario: Verify user can delete item on Cart page" time="0.01">
    <failure message="Not updated" type="java.lang.AssertionError">java.lang.AssertionError: Not updated
	at org.testng.Assert.fail(Assert.java:93)
	at org.testng.Assert.assertNotEquals(Assert.java:897)
	at StepDefinition.Scholastic.SfoMultipleOrderSD.verifyUpdateAfterRemoval(SfoMultipleOrderSD.java:204)
	at ✽.Then I verify item is deleted and quantities and items are updated(Scholastic/SfoItemDeletion.feature:49)
</failure>
  </testcase>
  <testcase name="When I click on sign in button" classname="Scenario: Verify SFO with multiple students and multiple books and quantity" time="0"/>
  <testcase name="And I enter &apos;MAWA@gmail.com&apos; as my email" classname="Scenario: Verify SFO with multiple students and multiple books and quantity" time="0"/>
  <testcase name="And I enter &apos;12345ff&apos; as my password" classname="Scenario: Verify SFO with multiple students and multiple books and quantity" time="0.001"/>
  <testcase name="And I click on sighin in button" classname="Scenario: Verify SFO with multiple students and multiple books and quantity" time="0"/>
  <testcase name="And I minimize bar" classname="Scenario: Verify SFO with multiple students and multiple books and quantity" time="0.001"/>
  <testcase name="And I move to enter order button" classname="Scenario: Verify SFO with multiple students and multiple books and quantity" time="0"/>
  <testcase name="And I select student flyer order" classname="Scenario: Verify SFO with multiple students and multiple books and quantity" time="0.001"/>
  <testcase name="And I enter &apos;Harry&apos; as student name" classname="Scenario: Verify SFO with multiple students and multiple books and quantity" time="0"/>
  <testcase name="And I enter &apos;1V2&apos; as item name" classname="Scenario: Verify SFO with multiple students and multiple books and quantity" time="0.002"/>
  <testcase name="And I click add button" classname="Scenario: Verify SFO with multiple students and multiple books and quantity" time="0"/>
  <testcase name="And I click add button" classname="Scenario: Verify SFO with multiple students and multiple books and quantity" time="0.001"/>
  <testcase name="And I click add button" classname="Scenario: Verify SFO with multiple students and multiple books and quantity" time="0"/>
  <testcase name="And I click add button" classname="Scenario: Verify SFO with multiple students and multiple books and quantity" time="0"/>
  <testcase name="And I click add button" classname="Scenario: Verify SFO with multiple students and multiple books and quantity" time="0"/>
  <testcase name="And I click add button" classname="Scenario: Verify SFO with multiple students and multiple books and quantity" time="0"/>
  <testcase name="And I enter &apos;4&apos; as item quantity" classname="Scenario: Verify SFO with multiple students and multiple books and quantity" time="0"/>
  <testcase name="And I enter &apos;5V2&apos; as item name" classname="Scenario: Verify SFO with multiple students and multiple books and quantity" time="0.001"/>
  <testcase name="And I enter &apos;5&apos; as item quantity" classname="Scenario: Verify SFO with multiple students and multiple books and quantity" time="0"/>
  <testcase name="And I enter &apos;John&apos; as student name" classname="Scenario: Verify SFO with multiple students and multiple books and quantity" time="0"/>
  <testcase name="And I enter &apos;2V2&apos; as item name" classname="Scenario: Verify SFO with multiple students and multiple books and quantity" time="0"/>
  <testcase name="And I enter &apos;6&apos; as item quantity" classname="Scenario: Verify SFO with multiple students and multiple books and quantity" time="0"/>
  <testcase name="And I enter &apos;6&apos; as item quantity" classname="Scenario: Verify SFO with multiple students and multiple books and quantity" time="0"/>
  <testcase name="And I enter &apos;7V2&apos; as item name" classname="Scenario: Verify SFO with multiple students and multiple books and quantity" time="0"/>
  <testcase name="And I enter &apos;Michael&apos; as student name" classname="Scenario: Verify SFO with multiple students and multiple books and quantity" time="0"/>
  <testcase name="And I enter &apos;3V2&apos; as item name" classname="Scenario: Verify SFO with multiple students and multiple books and quantity" time="0"/>
  <testcase name="And I enter &apos;10&apos; as item quantity" classname="Scenario: Verify SFO with multiple students and multiple books and quantity" time="0.001"/>
  <testcase name="And I enter &apos;8V2&apos; as item name" classname="Scenario: Verify SFO with multiple students and multiple books and quantity" time="0"/>
  <testcase name="And I enter &apos;9&apos; as item quantity" classname="Scenario: Verify SFO with multiple students and multiple books and quantity" time="0"/>
  <testcase name="Then I verify multiple student names, multiple items and multiple quantities are entered as expected" classname="Scenario: Verify SFO with multiple students and multiple books and quantity" time="0.001">
    <failure message="Quantities are not same expected [] but found [4]" type="java.lang.AssertionError">java.lang.AssertionError: Quantities are not same expected [] but found [4]
	at org.testng.Assert.fail(Assert.java:93)
	at org.testng.Assert.failNotEquals(Assert.java:512)
	at org.testng.Assert.assertEqualsImpl(Assert.java:134)
	at org.testng.Assert.assertEquals(Assert.java:115)
	at org.testng.Assert.assertEquals(Assert.java:189)
	at StepDefinition.Scholastic.SfoMultipleOrderSD.verificationsOfMultipleNamesItemAndQuantity(SfoMultipleOrderSD.java:129)
	at ✽.Then I verify multiple student names, multiple items and multiple quantities are entered as expected(Scholastic/SfoMultiStudentMultiBooks.feature:42)
</failure>
  </testcase>
  <testcase name="Scenario: Verify SFO with multiple students and multiple books and quantity" classname="Scenario: Verify SFO with multiple students and multiple books and quantity" time="0.003">
    <failure message="Quantities are not same expected [] but found [4]" type="java.lang.AssertionError">java.lang.AssertionError: Quantities are not same expected [] but found [4]
	at org.testng.Assert.fail(Assert.java:93)
	at org.testng.Assert.failNotEquals(Assert.java:512)
	at org.testng.Assert.assertEqualsImpl(Assert.java:134)
	at org.testng.Assert.assertEquals(Assert.java:115)
	at org.testng.Assert.assertEquals(Assert.java:189)
	at StepDefinition.Scholastic.SfoMultipleOrderSD.verificationsOfMultipleNamesItemAndQuantity(SfoMultipleOrderSD.java:129)
	at ✽.Then I verify multiple student names, multiple items and multiple quantities are entered as expected(Scholastic/SfoMultiStudentMultiBooks.feature:42)
</failure>
  </testcase>
  <testcase name="And I click review button" classname="Scenario: Verify SFO with multiple students and multiple books and quantity" time="0">
    <skipped/>
  </testcase>
  <testcase name="Then I verify Individual students total as expected to the calculation and all students total is same as SFO" classname="Scenario: Verify SFO with multiple students and multiple books and quantity" time="0">
    <skipped/>
  </testcase>
  <testcase name="When I click on sign in button" classname="Scenario: Verify teacher can add multiple books for a student in SFO" time="0.001"/>
  <testcase name="And I enter &apos;fname@gmail.com&apos; as my email" classname="Scenario: Verify teacher can add multiple books for a student in SFO" time="0"/>
  <testcase name="And I enter &apos;12345ff&apos; as my password" classname="Scenario: Verify teacher can add multiple books for a student in SFO" time="0"/>
  <testcase name="And I click on sighin in button" classname="Scenario: Verify teacher can add multiple books for a student in SFO" time="0"/>
  <testcase name="And I minimize bar" classname="Scenario: Verify teacher can add multiple books for a student in SFO" time="0"/>
  <testcase name="And I move to enter order button" classname="Scenario: Verify teacher can add multiple books for a student in SFO" time="0"/>
  <testcase name="And I select student flyer order" classname="Scenario: Verify teacher can add multiple books for a student in SFO" time="0.001"/>
  <testcase name="And I enter &apos;Harry&apos; as student name" classname="Scenario: Verify teacher can add multiple books for a student in SFO" time="0"/>
  <testcase name="And I enter &apos;1V2&apos; as item name" classname="Scenario: Verify teacher can add multiple books for a student in SFO" time="0.001"/>
  <testcase name="And I click add button" classname="Scenario: Verify teacher can add multiple books for a student in SFO" time="0"/>
  <testcase name="And I click add button" classname="Scenario: Verify teacher can add multiple books for a student in SFO" time="0"/>
  <testcase name="And I click add button" classname="Scenario: Verify teacher can add multiple books for a student in SFO" time="0"/>
  <testcase name="And I enter &apos;2&apos; as item quantity" classname="Scenario: Verify teacher can add multiple books for a student in SFO" time="0"/>
  <testcase name="And I enter &apos;2V2&apos; as item name" classname="Scenario: Verify teacher can add multiple books for a student in SFO" time="0"/>
  <testcase name="And I enter &apos;3&apos; as item quantity" classname="Scenario: Verify teacher can add multiple books for a student in SFO" time="0"/>
  <testcase name="And I enter &apos;3&apos; as item quantity" classname="Scenario: Verify teacher can add multiple books for a student in SFO" time="0"/>
  <testcase name="And I enter &apos;3V2&apos; as item name" classname="Scenario: Verify teacher can add multiple books for a student in SFO" time="0"/>
  <testcase name="And I verify Student name, Item, and quantity are displayed as expected" classname="Scenario: Verify teacher can add multiple books for a student in SFO" time="0">
    <failure message="Expected and actual are not same expected [] but found [2]" type="java.lang.AssertionError">java.lang.AssertionError: Expected and actual are not same expected [] but found [2]
	at org.testng.Assert.fail(Assert.java:93)
	at org.testng.Assert.failNotEquals(Assert.java:512)
	at org.testng.Assert.assertEqualsImpl(Assert.java:134)
	at org.testng.Assert.assertEquals(Assert.java:115)
	at org.testng.Assert.assertEquals(Assert.java:189)
	at StepDefinition.Scholastic.SfoMultipleOrderSD.verifyNameItemQuantity(SfoMultipleOrderSD.java:89)
	at ✽.And I verify Student name, Item, and quantity are displayed as expected(Scholastic/SfoMultipleOrder.feature:28)
</failure>
  </testcase>
  <testcase name="Scenario: Verify teacher can add multiple books for a student in SFO" classname="Scenario: Verify teacher can add multiple books for a student in SFO" time="0.001">
    <failure message="Expected and actual are not same expected [] but found [2]" type="java.lang.AssertionError">java.lang.AssertionError: Expected and actual are not same expected [] but found [2]
	at org.testng.Assert.fail(Assert.java:93)
	at org.testng.Assert.failNotEquals(Assert.java:512)
	at org.testng.Assert.assertEqualsImpl(Assert.java:134)
	at org.testng.Assert.assertEquals(Assert.java:115)
	at org.testng.Assert.assertEquals(Assert.java:189)
	at StepDefinition.Scholastic.SfoMultipleOrderSD.verifyNameItemQuantity(SfoMultipleOrderSD.java:89)
	at ✽.And I verify Student name, Item, and quantity are displayed as expected(Scholastic/SfoMultipleOrder.feature:28)
</failure>
  </testcase>
  <testcase name="And I click review button" classname="Scenario: Verify teacher can add multiple books for a student in SFO" time="0">
    <skipped/>
  </testcase>
  <testcase name="And I verify Harry total and SFO total and total as expected of the calculation" classname="Scenario: Verify teacher can add multiple books for a student in SFO" time="0">
    <skipped/>
  </testcase>
  <testcase name="When I click on sign in button" classname="Scenario: Verify non-zero tax for SFO-YTO orders in the checkout for teacher with non-tax state school" time="0.001"/>
  <testcase name="And I enter &apos;MMM@gmail.com&apos; as my email" classname="Scenario: Verify non-zero tax for SFO-YTO orders in the checkout for teacher with non-tax state school" time="0"/>
  <testcase name="And I enter &apos;12345ff&apos; as my password" classname="Scenario: Verify non-zero tax for SFO-YTO orders in the checkout for teacher with non-tax state school" time="0.001"/>
  <testcase name="And I click on sighin in button" classname="Scenario: Verify non-zero tax for SFO-YTO orders in the checkout for teacher with non-tax state school" time="0"/>
  <testcase name="And I minimize bar" classname="Scenario: Verify non-zero tax for SFO-YTO orders in the checkout for teacher with non-tax state school" time="0"/>
  <testcase name="And I move to enter order button" classname="Scenario: Verify non-zero tax for SFO-YTO orders in the checkout for teacher with non-tax state school" time="0.002"/>
  <testcase name="And I select student flyer order" classname="Scenario: Verify non-zero tax for SFO-YTO orders in the checkout for teacher with non-tax state school" time="0"/>
  <testcase name="And I enter &apos;Harry&apos; as student name" classname="Scenario: Verify non-zero tax for SFO-YTO orders in the checkout for teacher with non-tax state school" time="0"/>
  <testcase name="And I enter &apos;1V2&apos; as item name" classname="Scenario: Verify non-zero tax for SFO-YTO orders in the checkout for teacher with non-tax state school" time="0"/>
  <testcase name="And I click add button" classname="Scenario: Verify non-zero tax for SFO-YTO orders in the checkout for teacher with non-tax state school" time="0.001"/>
  <testcase name="And I click add button" classname="Scenario: Verify non-zero tax for SFO-YTO orders in the checkout for teacher with non-tax state school" time="0.001"/>
  <testcase name="And I click add button" classname="Scenario: Verify non-zero tax for SFO-YTO orders in the checkout for teacher with non-tax state school" time="0"/>
  <testcase name="And I click add button" classname="Scenario: Verify non-zero tax for SFO-YTO orders in the checkout for teacher with non-tax state school" time="0"/>
  <testcase name="And I click add button" classname="Scenario: Verify non-zero tax for SFO-YTO orders in the checkout for teacher with non-tax state school" time="0"/>
  <testcase name="And I click add button" classname="Scenario: Verify non-zero tax for SFO-YTO orders in the checkout for teacher with non-tax state school" time="0"/>
  <testcase name="And I enter &apos;4&apos; as item quantity" classname="Scenario: Verify non-zero tax for SFO-YTO orders in the checkout for teacher with non-tax state school" time="0"/>
  <testcase name="And I enter &apos;5V2&apos; as item name" classname="Scenario: Verify non-zero tax for SFO-YTO orders in the checkout for teacher with non-tax state school" time="0"/>
  <testcase name="And I enter &apos;5&apos; as item quantity" classname="Scenario: Verify non-zero tax for SFO-YTO orders in the checkout for teacher with non-tax state school" time="0"/>
  <testcase name="And I enter &apos;John&apos; as student name" classname="Scenario: Verify non-zero tax for SFO-YTO orders in the checkout for teacher with non-tax state school" time="0"/>
  <testcase name="And I enter &apos;2V2&apos; as item name" classname="Scenario: Verify non-zero tax for SFO-YTO orders in the checkout for teacher with non-tax state school" time="0"/>
  <testcase name="And I enter &apos;6&apos; as item quantity" classname="Scenario: Verify non-zero tax for SFO-YTO orders in the checkout for teacher with non-tax state school" time="0"/>
  <testcase name="And I enter &apos;6&apos; as item quantity" classname="Scenario: Verify non-zero tax for SFO-YTO orders in the checkout for teacher with non-tax state school" time="0"/>
  <testcase name="And I enter &apos;7V2&apos; as item name" classname="Scenario: Verify non-zero tax for SFO-YTO orders in the checkout for teacher with non-tax state school" time="0.001"/>
  <testcase name="And I enter &apos;Michael&apos; as student name" classname="Scenario: Verify non-zero tax for SFO-YTO orders in the checkout for teacher with non-tax state school" time="0"/>
  <testcase name="And I enter &apos;3V2&apos; as item name" classname="Scenario: Verify non-zero tax for SFO-YTO orders in the checkout for teacher with non-tax state school" time="0"/>
  <testcase name="And I enter &apos;10&apos; as item quantity" classname="Scenario: Verify non-zero tax for SFO-YTO orders in the checkout for teacher with non-tax state school" time="0"/>
  <testcase name="And I enter &apos;8V2&apos; as item name" classname="Scenario: Verify non-zero tax for SFO-YTO orders in the checkout for teacher with non-tax state school" time="0"/>
  <testcase name="And I enter &apos;9&apos; as item quantity" classname="Scenario: Verify non-zero tax for SFO-YTO orders in the checkout for teacher with non-tax state school" time="0.001"/>
  <testcase name="And I click on your teacher order" classname="Scenario: Verify non-zero tax for SFO-YTO orders in the checkout for teacher with non-tax state school" time="0"/>
  <testcase name="And I click on By Flyer" classname="Scenario: Verify non-zero tax for SFO-YTO orders in the checkout for teacher with non-tax state school" time="0"/>
  <testcase name="And I select item 4S5 and quantity &apos;2&apos;" classname="Scenario: Verify non-zero tax for SFO-YTO orders in the checkout for teacher with non-tax state school" time="0"/>
  <testcase name="And I select item 5S5 and quantity &apos;3&apos;" classname="Scenario: Verify non-zero tax for SFO-YTO orders in the checkout for teacher with non-tax state school" time="0"/>
  <testcase name="And I click review button" classname="Scenario: Verify non-zero tax for SFO-YTO orders in the checkout for teacher with non-tax state school" time="0.003"/>
  <testcase name="And I click proceed to checkout" classname="Scenario: Verify non-zero tax for SFO-YTO orders in the checkout for teacher with non-tax state school" time="0"/>
  <testcase name="And I click proceed" classname="Scenario: Verify non-zero tax for SFO-YTO orders in the checkout for teacher with non-tax state school" time="0"/>
  <testcase name="Then I verify estimated tax as greater than zero" classname="Scenario: Verify non-zero tax for SFO-YTO orders in the checkout for teacher with non-tax state school" time="0"/>
  <testcase name="Scenario: Verify non-zero tax for SFO-YTO orders in the checkout for teacher with non-tax state school" classname="Scenario: Verify non-zero tax for SFO-YTO orders in the checkout for teacher with non-tax state school" time="0.107"/>
  <testcase name="When I click on sign in button" classname="Scenario: Verify zero tax for SFO-YTO orders in the checkout for teacher with non-tax state school" time="0.002"/>
  <testcase name="And I enter &apos;WTT@gmail.com&apos; as my email" classname="Scenario: Verify zero tax for SFO-YTO orders in the checkout for teacher with non-tax state school" time="0"/>
  <testcase name="And I enter &apos;12345ff&apos; as my password" classname="Scenario: Verify zero tax for SFO-YTO orders in the checkout for teacher with non-tax state school" time="0"/>
  <testcase name="And I click on sighin in button" classname="Scenario: Verify zero tax for SFO-YTO orders in the checkout for teacher with non-tax state school" time="0"/>
  <testcase name="And I minimize bar" classname="Scenario: Verify zero tax for SFO-YTO orders in the checkout for teacher with non-tax state school" time="0.002"/>
  <testcase name="And I move to enter order button" classname="Scenario: Verify zero tax for SFO-YTO orders in the checkout for teacher with non-tax state school" time="0"/>
  <testcase name="And I select student flyer order" classname="Scenario: Verify zero tax for SFO-YTO orders in the checkout for teacher with non-tax state school" time="0"/>
  <testcase name="And I enter &apos;Harry&apos; as student name" classname="Scenario: Verify zero tax for SFO-YTO orders in the checkout for teacher with non-tax state school" time="0"/>
  <testcase name="And I enter &apos;1V2&apos; as item name" classname="Scenario: Verify zero tax for SFO-YTO orders in the checkout for teacher with non-tax state school" time="0"/>
  <testcase name="And I click add button" classname="Scenario: Verify zero tax for SFO-YTO orders in the checkout for teacher with non-tax state school" time="0"/>
  <testcase name="And I click add button" classname="Scenario: Verify zero tax for SFO-YTO orders in the checkout for teacher with non-tax state school" time="0.001"/>
  <testcase name="And I click add button" classname="Scenario: Verify zero tax for SFO-YTO orders in the checkout for teacher with non-tax state school" time="0.001"/>
  <testcase name="And I click add button" classname="Scenario: Verify zero tax for SFO-YTO orders in the checkout for teacher with non-tax state school" time="0"/>
  <testcase name="And I click add button" classname="Scenario: Verify zero tax for SFO-YTO orders in the checkout for teacher with non-tax state school" time="0"/>
  <testcase name="And I click add button" classname="Scenario: Verify zero tax for SFO-YTO orders in the checkout for teacher with non-tax state school" time="0"/>
  <testcase name="And I enter &apos;4&apos; as item quantity" classname="Scenario: Verify zero tax for SFO-YTO orders in the checkout for teacher with non-tax state school" time="0"/>
  <testcase name="And I enter &apos;5V2&apos; as item name" classname="Scenario: Verify zero tax for SFO-YTO orders in the checkout for teacher with non-tax state school" time="0"/>
  <testcase name="And I enter &apos;5&apos; as item quantity" classname="Scenario: Verify zero tax for SFO-YTO orders in the checkout for teacher with non-tax state school" time="0"/>
  <testcase name="And I enter &apos;John&apos; as student name" classname="Scenario: Verify zero tax for SFO-YTO orders in the checkout for teacher with non-tax state school" time="0"/>
  <testcase name="And I enter &apos;2V2&apos; as item name" classname="Scenario: Verify zero tax for SFO-YTO orders in the checkout for teacher with non-tax state school" time="0"/>
  <testcase name="And I enter &apos;6&apos; as item quantity" classname="Scenario: Verify zero tax for SFO-YTO orders in the checkout for teacher with non-tax state school" time="0.001"/>
  <testcase name="And I enter &apos;6&apos; as item quantity" classname="Scenario: Verify zero tax for SFO-YTO orders in the checkout for teacher with non-tax state school" time="0"/>
  <testcase name="And I enter &apos;7V2&apos; as item name" classname="Scenario: Verify zero tax for SFO-YTO orders in the checkout for teacher with non-tax state school" time="0"/>
  <testcase name="And I enter &apos;Michael&apos; as student name" classname="Scenario: Verify zero tax for SFO-YTO orders in the checkout for teacher with non-tax state school" time="0"/>
  <testcase name="And I enter &apos;3V2&apos; as item name" classname="Scenario: Verify zero tax for SFO-YTO orders in the checkout for teacher with non-tax state school" time="0"/>
  <testcase name="And I enter &apos;10&apos; as item quantity" classname="Scenario: Verify zero tax for SFO-YTO orders in the checkout for teacher with non-tax state school" time="0"/>
  <testcase name="And I enter &apos;8V2&apos; as item name" classname="Scenario: Verify zero tax for SFO-YTO orders in the checkout for teacher with non-tax state school" time="0"/>
  <testcase name="And I enter &apos;9&apos; as item quantity" classname="Scenario: Verify zero tax for SFO-YTO orders in the checkout for teacher with non-tax state school" time="0.002"/>
  <testcase name="And I click on your teacher order" classname="Scenario: Verify zero tax for SFO-YTO orders in the checkout for teacher with non-tax state school" time="0.001"/>
  <testcase name="And I click on By Flyer" classname="Scenario: Verify zero tax for SFO-YTO orders in the checkout for teacher with non-tax state school" time="0.001"/>
  <testcase name="And I select item 4S5 and quantity &apos;2&apos;" classname="Scenario: Verify zero tax for SFO-YTO orders in the checkout for teacher with non-tax state school" time="0"/>
  <testcase name="And I select item 5S5 and quantity &apos;3&apos;" classname="Scenario: Verify zero tax for SFO-YTO orders in the checkout for teacher with non-tax state school" time="0"/>
  <testcase name="And I click review button" classname="Scenario: Verify zero tax for SFO-YTO orders in the checkout for teacher with non-tax state school" time="0"/>
  <testcase name="And I click proceed to checkout" classname="Scenario: Verify zero tax for SFO-YTO orders in the checkout for teacher with non-tax state school" time="0.001"/>
  <testcase name="And I click proceed" classname="Scenario: Verify zero tax for SFO-YTO orders in the checkout for teacher with non-tax state school" time="0.002"/>
  <testcase name="Then I verify estimated tax is zero" classname="Scenario: Verify zero tax for SFO-YTO orders in the checkout for teacher with non-tax state school" time="0"/>
  <testcase name="Scenario: Verify zero tax for SFO-YTO orders in the checkout for teacher with non-tax state school" classname="Scenario: Verify zero tax for SFO-YTO orders in the checkout for teacher with non-tax state school" time="0.105"/>
  <testcase name="When I click on sign in button" classname="Scenario: Verify zero tax for only SFO order in the checkout" time="0"/>
  <testcase name="And I enter &apos;Wmw@gmail.com&apos; as my email" classname="Scenario: Verify zero tax for only SFO order in the checkout" time="0"/>
  <testcase name="And I enter &apos;12345ff&apos; as my password" classname="Scenario: Verify zero tax for only SFO order in the checkout" time="0"/>
  <testcase name="And I click on sighin in button" classname="Scenario: Verify zero tax for only SFO order in the checkout" time="0"/>
  <testcase name="And I minimize bar" classname="Scenario: Verify zero tax for only SFO order in the checkout" time="0.006"/>
  <testcase name="And I move to enter order button" classname="Scenario: Verify zero tax for only SFO order in the checkout" time="0"/>
  <testcase name="And I select student flyer order" classname="Scenario: Verify zero tax for only SFO order in the checkout" time="0"/>
  <testcase name="And I enter &apos;Harry&apos; as student name" classname="Scenario: Verify zero tax for only SFO order in the checkout" time="0"/>
  <testcase name="And I enter &apos;1V2&apos; as item name" classname="Scenario: Verify zero tax for only SFO order in the checkout" time="0"/>
  <testcase name="And I click add button" classname="Scenario: Verify zero tax for only SFO order in the checkout" time="0"/>
  <testcase name="And I click add button" classname="Scenario: Verify zero tax for only SFO order in the checkout" time="0"/>
  <testcase name="And I click add button" classname="Scenario: Verify zero tax for only SFO order in the checkout" time="0"/>
  <testcase name="And I enter &apos;2&apos; as item quantity" classname="Scenario: Verify zero tax for only SFO order in the checkout" time="0"/>
  <testcase name="And I enter &apos;2V2&apos; as item name" classname="Scenario: Verify zero tax for only SFO order in the checkout" time="0"/>
  <testcase name="And I enter &apos;3&apos; as item quantity" classname="Scenario: Verify zero tax for only SFO order in the checkout" time="0"/>
  <testcase name="And I enter &apos;3&apos; as item quantity" classname="Scenario: Verify zero tax for only SFO order in the checkout" time="0"/>
  <testcase name="And I enter &apos;3V2&apos; as item name" classname="Scenario: Verify zero tax for only SFO order in the checkout" time="0"/>
  <testcase name="And I click review button" classname="Scenario: Verify zero tax for only SFO order in the checkout" time="0.001"/>
  <testcase name="And I click proceed to checkout" classname="Scenario: Verify zero tax for only SFO order in the checkout" time="0"/>
  <testcase name="And I click proceed" classname="Scenario: Verify zero tax for only SFO order in the checkout" time="0"/>
  <testcase name="Then I verify tax amount is zero" classname="Scenario: Verify zero tax for only SFO order in the checkout" time="0"/>
  <testcase name="Scenario: Verify zero tax for only SFO order in the checkout" classname="Scenario: Verify zero tax for only SFO order in the checkout" time="0.115"/>
</testsuite>